<?xml version="1.0" encoding="UTF-8"?>
<!-- Generated by org.testng.reporters.JUnitXMLReporter -->
<testsuite hostname="DESKTOP-04BK3GM" ignored="0" tests="4" failures="1" timestamp="2022-01-15T20:26:52 CST" time="0.075" errors="0">
  <testcase name="startCar" time="0.006" classname="DependencyAlwaysRunTest"/>
  <testcase name="driveCar" time="0.003" classname="DependencyAlwaysRunTest">
    <failure type="java.lang.AssertionError" message="null">
      <![CDATA[java.lang.AssertionError: null
at DependencyAlwaysRunTest.driveCar(DependencyAlwaysRunTest.java:16)
at java.util.ArrayList.forEach(ArrayList.java:1249)
... Removed 33 stack frames]]>
    </failure>
  </testcase> <!-- driveCar -->
  <testcase name="stopCar" time="0.0" classname="DependencyAlwaysRunTest">
    <skipped/>
  </testcase> <!-- stopCar -->
  <testcase name="parkCar" time="0.0" classname="DependencyAlwaysRunTest"/>
</testsuite>
